<?xml version="1.0" encoding="UTF-8"?>
<testsuite xmlns:xsi="http://www.w3.org/2001/XMLSchema-instance" xsi:noNamespaceSchemaLocation="https://maven.apache.org/surefire/maven-surefire-plugin/xsd/surefire-test-report-3.0.xsd" version="3.0" name="rpg_lab.DummyTest" time="0.011" tests="6" errors="0" skipped="0" failures="0">
  <properties>
[...]
</properties>
  <testcase name="deadDummyCanNotBeAttacked" classname="rpg_lab.DummyTest" time="0.003"/>
  <testcase name="deadDummyGivesXp" classname="rpg_lab.DummyTest" time="0.001"/>
  <testcase name="aliveDummyDoNotGivesXp" classname="rpg_lab.DummyTest" time="0.001"/>
  <testcase name="deadDummyGivesLoot" classname="rpg_lab.DummyTest" time="0.002"/>
  <testcase name="dummyLosesHealthWhenAttacked" classname="rpg_lab.DummyTest" time="0.001"/>
  <testcase name="aliveDummyDoNotGivesLoot" classname="rpg_lab.DummyTest" time="0.0"/>
</testsuite>